<?xml version="1.0" encoding="UTF-8"?>
<!-- Generated by org.testng.reporters.JUnitReportReporter -->
<testsuite name="com.visa.testcases.HomePageTCRun" tests="2" time="20.258" ignored="0" failures="0" timestamp="29 Dec 2016 15:08:26 GMT" skipped="0" hostname="LAPTOP-MQGK020P" errors="0">
  <testcase name="searchHotelTC2" time="12.116" classname="com.visa.testcases.HomePageTCRun"/>
  <testcase name="searchHotelTC1" time="8.142" classname="com.visa.testcases.HomePageTCRun"/>
</testsuite> <!-- com.visa.testcases.HomePageTCRun -->
