<?xml version="1.0" encoding="UTF-8"?>
<!-- Generated by org.testng.reporters.JUnitReportReporter -->
<testsuite name="com.visa.driver.Driver" tests="1" time="10.966" ignored="0" failures="0" timestamp="29 Dec 2016 15:08:26 GMT" skipped="0" hostname="LAPTOP-MQGK020P" errors="0">
  <testcase name="openWebSite" time="10.966" classname="com.visa.driver.Driver"/>
</testsuite> <!-- com.visa.driver.Driver -->
